proguard/seeds.txt
com.interestfriend.R$anim
com.interestfriend.R$anim: int down_in
com.interestfriend.R$anim: int down_out
com.interestfriend.R$anim: int in_from_right
com.interestfriend.R$anim: int list_anim_layout
com.interestfriend.R$anim: int list_anim_slide_right
com.interestfriend.R$anim: int load_animation
com.interestfriend.R$anim: int out_to_left
com.interestfriend.R$anim: int push_bottom_in
com.interestfriend.R$anim: int push_bottom_out
com.interestfriend.R$anim: int right_in
com.interestfriend.R$anim: int right_out
com.interestfriend.R$anim: int slide_in_from_left
com.interestfriend.R$anim: int slide_in_from_right
com.interestfriend.R$anim: int slide_out_to_left
com.interestfriend.R$anim: int slide_out_to_right
com.interestfriend.R$anim: int up_in
com.interestfriend.R$anim: int up_out
com.interestfriend.R$anim: int voice_from_icon
com.interestfriend.R$anim: int voice_to_icon
com.interestfriend.R$anim: R$anim()
com.interestfriend.R$attr
com.interestfriend.R$attr: int drag_edge
com.interestfriend.R$attr: int header
com.interestfriend.R$attr: int headerHeight
com.interestfriend.R$attr: int headerVisibleHeight
com.interestfriend.R$attr: int roundHeightimg
com.interestfriend.R$attr: int roundWidthimg
com.interestfriend.R$attr: int show_mode
com.interestfriend.R$attr: R$attr()
com.interestfriend.R$color
com.interestfriend.R$color: int ampm_text_color
com.interestfriend.R$color: int background_main_grey
com.interestfriend.R$color: int backgroundcolor
com.interestfriend.R$color: int bg_color
com.interestfriend.R$color: int bg_line
com.interestfriend.R$color: int black
com.interestfriend.R$color: int black_deep
com.interestfriend.R$color: int blue
com.interestfriend.R$color: int bottom_bar_normal_bg
com.interestfriend.R$color: int bottom_text_color_normal
com.interestfriend.R$color: int btn_blue_normal
com.interestfriend.R$color: int btn_blue_pressed
com.interestfriend.R$color: int btn_color
com.interestfriend.R$color: int btn_gray_normal
com.interestfriend.R$color: int btn_gray_pressed
com.interestfriend.R$color: int btn_gray_pressed_status
com.interestfriend.R$color: int btn_green_noraml
com.interestfriend.R$color: int btn_green_pressed
com.interestfriend.R$color: int btn_login_normal
com.interestfriend.R$color: int btn_login_pressed
com.interestfriend.R$color: int btn_logout_normal
com.interestfriend.R$color: int btn_logout_pressed
com.interestfriend.R$color: int btn_pressed_green_solid
com.interestfriend.R$color: int btn_register_normal
com.interestfriend.R$color: int btn_register_pressed
com.interestfriend.R$color: int btn_white_normal
com.interestfriend.R$color: int btn_white_pressed
com.interestfriend.R$color: int calendar_header
com.interestfriend.R$color: int circle_background
com.interestfriend.R$color: int color_d5
...
android.support.v4.accessibilityservice.AccessibilityServiceInfoCompat
android.support.v4.accessibilityservice.AccessibilityServiceInfoCompat: android.support.v4.accessibilityservice.AccessibilityServiceInfoCompat$AccessibilityServiceInfoVersionImpl IMPL
android.support.v4.accessibilityservice.AccessibilityServiceInfoCompat: int CAPABILITY_CAN_RETRIEVE_WINDOW_CONTENT
android.support.v4.accessibilityservice.AccessibilityServiceInfoCompat: int CAPABILITY_CAN_REQUEST_TOUCH_EXPLORATION
android.support.v4.accessibilityservice.AccessibilityServiceInfoCompat: int CAPABILITY_CAN_REQUEST_ENHANCED_WEB_ACCESSIBILITY
android.support.v4.accessibilityservice.AccessibilityServiceInfoCompat: int CAPABILITY_CAN_FILTER_KEY_EVENTS
android.support.v4.accessibilityservice.AccessibilityServiceInfoCompat: int FEEDBACK_BRAILLE
android.support.v4.accessibilityservice.AccessibilityServiceInfoCompat: int FEEDBACK_ALL_MASK
android.support.v4.accessibilityservice.AccessibilityServiceInfoCompat: int DEFAULT
android.support.v4.accessibilityservice.AccessibilityServiceInfoCompat: int FLAG_INCLUDE_NOT_IMPORTANT_VIEWS
android.support.v4.accessibilityservice.AccessibilityServiceInfoCompat: int FLAG_REQUEST_TOUCH_EXPLORATION_MODE
android.support.v4.accessibilityservice.AccessibilityServiceInfoCompat: int FLAG_REQUEST_ENHANCED_WEB_ACCESSIBILITY
android.support.v4.accessibilityservice.AccessibilityServiceInfoCompat: int FLAG_REPORT_VIEW_IDS
android.support.v4.accessibilityservice.AccessibilityServiceInfoCompat$AccessibilityServiceInfoIcsImpl
android.support.v4.accessibilityservice.AccessibilityServiceInfoCompat$AccessibilityServiceInfoIcsImpl: AccessibilityServiceInfoCompat$AccessibilityServiceInfoIcsImpl()
android.support.v4.accessibilityservice.AccessibilityServiceInfoCompat$AccessibilityServiceInfoIcsImpl: boolean getCanRetrieveWindowContent(android.accessibilityservice.AccessibilityServiceInfo)
android.support.v4.accessibilityservice.AccessibilityServiceInfoCompat$AccessibilityServiceInfoIcsImpl: java.lang.String getDescription(android.accessibilityservice.AccessibilityServiceInfo)
android.support.v4.accessibilityservice.AccessibilityServiceInfoCompat$AccessibilityServiceInfoIcsImpl: java.lang.String getId(android.accessibilityservice.AccessibilityServiceInfo)
android.support.v4.accessibilityservice.AccessibilityServiceInfoCompat$AccessibilityServiceInfoIcsImpl: android.content.pm.ResolveInfo getResolveInfo(android.accessibilityservice.AccessibilityServiceInfo)
android.support.v4.accessibilityservice.AccessibilityServiceInfoCompat$AccessibilityServiceInfoIcsImpl: java.lang.String getSettingsActivityName(android.accessibilityservice.AccessibilityServiceInfo)
android.support.v4.accessibilityservice.AccessibilityServiceInfoCompat$AccessibilityServiceInfoIcsImpl: int getCapabilities(android.accessibilityservice.AccessibilityServiceInfo)
android.support.v4.accessibilityservice.AccessibilityServiceInfoCompat$AccessibilityServiceInfoJellyBeanMr2
android.support.v4.accessibilityservice.AccessibilityServiceInfoCompat$AccessibilityServiceInfoJellyBeanMr2: AccessibilityServiceInfoCompat$AccessibilityServiceInfoJellyBeanMr2()
android.support.v4.accessibilityservice.AccessibilityServiceInfoCompat$AccessibilityServiceInfoJellyBeanMr2: int getCapabilities(android.accessibilityservice.AccessibilityServiceInfo)