proguard/mapping.txt
com.interestfriend.BuildConfig -> com.interestfriend.a:
    boolean DEBUG -> a
com.interestfriend.Manifest -> com.interestfriend.b:
com.interestfriend.Manifest$permission -> com.interestfriend.b$a:
    java.lang.String BAIDU_LOCATION_SERVICE -> a
com.interestfriend.R -> com.interestfriend.R:
com.interestfriend.R$anim -> com.interestfriend.R$anim:
    int down_in -> down_in
    int down_out -> down_out
    int in_from_right -> in_from_right
    int list_anim_layout -> list_anim_layout
    int list_anim_slide_right -> list_anim_slide_right
    int load_animation -> load_animation
    int out_to_left -> out_to_left
    int push_bottom_in -> push_bottom_in
    int push_bottom_out -> push_bottom_out
    int right_in -> right_in
    int right_out -> right_out
    int slide_in_from_left -> slide_in_from_left
    int slide_in_from_right -> slide_in_from_right
    int slide_out_to_left -> slide_out_to_left
    int slide_out_to_right -> slide_out_to_right
    int up_in -> up_in
    int up_out -> up_out
    int voice_from_icon -> voice_from_icon
    int voice_to_icon -> voice_to_icon
com.interestfriend.R$attr -> com.interestfriend.R$attr:
    int drag_edge -> drag_edge
    int header -> header
    int headerHeight -> headerHeight
    int headerVisibleHeight -> headerVisibleHeight
    int roundHeightimg -> roundHeightimg
    int roundWidthimg -> roundWidthimg
    int show_mode -> show_mode
com.interestfriend.R$color -> com.interestfriend.R$color:
    int ampm_text_color -> ampm_text_color
    int background_main_grey -> background_main_grey
    int backgroundcolor -> backgroundcolor
    int bg_color -> bg_color
    int bg_line -> bg_line
    int black -> black
    int black_deep -> black_deep
    int blue -> blue
    int bottom_bar_normal_bg -> bottom_bar_normal_bg
    int bottom_text_color_normal -> bottom_text_color_normal
    int btn_blue_normal -> btn_blue_normal
    int btn_blue_pressed -> btn_blue_pressed
    int btn_color -> btn_color
    int btn_gray_normal -> btn_gray_normal
    int btn_gray_pressed -> btn_gray_pressed
    int btn_gray_pressed_status -> btn_gray_pressed_status
    int btn_green_noraml -> btn_green_noraml
    int btn_green_pressed -> btn_green_pressed
    int btn_login_normal -> btn_login_normal
    int btn_login_pressed -> btn_login_pressed
    int btn_logout_normal -> btn_logout_normal
    int btn_logout_pressed -> btn_logout_pressed
    int btn_pressed_green_solid -> btn_pressed_green_solid
    int btn_register_normal -> btn_register_normal
    int btn_register_pressed -> btn_register_pressed
    int btn_white_normal -> btn_white_normal
    int btn_white_pressed -> btn_white_pressed
    int calendar_header -> calendar_header
    int circle_background -> circle_background
    int color_d5 -> color_d5
    int comment_color -> comment_color
    int common_bg -> common_bg
...
org.jivesoftware.smack.util.StringUtils$1 -> org.jivesoftware.smack.i.u:
    java.util.Calendar val$now -> a
    int compare(java.util.Calendar,java.util.Calendar) -> a
    int compare(java.lang.Object,java.lang.Object) -> compare
org.jivesoftware.smack.util.StringUtils$PatternCouplings -> org.jivesoftware.smack.i.t$a:
    java.util.regex.Pattern pattern -> a
    java.text.DateFormat formatter -> b
    boolean needToConvertTimeZone -> c
    java.lang.String convertTime(java.lang.String) -> a
org.jivesoftware.smack.util.SyncPacketSend -> org.jivesoftware.smack.i.v:
    org.jivesoftware.smack.packet.Packet getReply(org.jivesoftware.smack.Connection,org.jivesoftware.smack.packet.Packet,long) -> a
    org.jivesoftware.smack.packet.Packet getReply(org.jivesoftware.smack.Connection,org.jivesoftware.smack.packet.Packet) -> a
org.jivesoftware.smack.util.WriterListener -> org.jivesoftware.smack.i.w:
    void write(java.lang.String) -> a
org.jivesoftware.smack.util.collections.AbstractEmptyIterator -> org.jivesoftware.smack.i.a.a:
    boolean hasNext() -> hasNext
    java.lang.Object next() -> next
    boolean hasPrevious() -> a
    java.lang.Object previous() -> b
    int nextIndex() -> c
    int previousIndex() -> d
    void add(java.lang.Object) -> a
    void set(java.lang.Object) -> b
    void remove() -> remove
    java.lang.Object getKey() -> e
    java.lang.Object getValue() -> f
    java.lang.Object setValue(java.lang.Object) -> c
    void reset() -> g
org.jivesoftware.smack.util.collections.AbstractHashedMap -> org.jivesoftware.smack.i.a.b:
    java.lang.String NO_NEXT_ENTRY -> a
    java.lang.String NO_PREVIOUS_ENTRY -> b
    java.lang.String REMOVE_INVALID -> c
    java.lang.String GETKEY_INVALID -> d
    java.lang.String GETVALUE_INVALID -> e
    java.lang.String SETVALUE_INVALID -> f
    int DEFAULT_CAPACITY -> g
    int DEFAULT_THRESHOLD -> h
    float DEFAULT_LOAD_FACTOR -> i
    int MAXIMUM_CAPACITY -> j
    java.lang.Object NULL -> k
    float loadFactor -> l
    int size -> m
    org.jivesoftware.smack.util.collections.AbstractHashedMap$HashEntry[] data -> n
    int threshold -> o
    int modCount -> p
    org.jivesoftware.smack.util.collections.AbstractHashedMap$EntrySet entrySet -> q
    org.jivesoftware.smack.util.collections.AbstractHashedMap$KeySet keySet -> r
    org.jivesoftware.smack.util.collections.AbstractHashedMap$Values values -> s
    void init() -> a
    java.lang.Object get(java.lang.Object) -> get
    int size() -> size
    boolean isEmpty() -> isEmpty
    boolean containsKey(java.lang.Object) -> containsKey
    boolean containsValue(java.lang.Object) -> containsValue
    java.lang.Object put(java.lang.Object,java.lang.Object) -> put
    void putAll(java.util.Map) -> putAll
    java.lang.Object remove(java.lang.Object) -> remove
    void clear() -> clear
    int hash(java.lang.Object) -> a
    boolean isEqualKey(java.lang.Object,java.lang.Object) -> a
org.jivesoftware.smack.util.collections.AbstractHashedMap$EntrySet -> org.jivesoftware.smack.i.a.b$a:
    org.jivesoftware.smack.util.collections.AbstractHashedMap parent -> a
    int size() -> size
    void clear() -> clear
    boolean contains(java.util.Map$Entry) -> a
    boolean remove(java.lang.Object) -> remove
    java.util.Iterator iterator() -> iterator
org.jivesoftware.smack.util.collections.AbstractHashedMap$EntrySetIterator -> org.jivesoftware.smack.i.a.b$b:
    org.jivesoftware.smack.util.collections.AbstractHashedMap$HashEntry next() -> a
    java.lang.Object next() -> next